<?xml version="1.0" encoding="UTF-8"?>
<!-- Generated by org.testng.reporters.JUnitXMLReporter -->
<testsuite hostname="DESKTOP-P9ICOFD" name="Guru 99 Smoke Test Demo" tests="3" failures="0" timestamp="26 Jun 2020 05:32:09 GMT" time="0.665" errors="0">
  <testcase name="tc04VerifyLoggedInPage" time="0.113" classname="com.selenium.SampleSelenium.TC_Class1"/>
  <testcase name="tc03EnterCredentials" time="0.004" classname="com.selenium.SampleSelenium.TC_Class1"/>
  <testcase name="tc01LaunchURL" time="0.012" classname="com.selenium.SampleSelenium.TC_Class1"/>
</testsuite> <!-- Guru 99 Smoke Test Demo -->
