<?xml version="1.0" encoding="UTF-8"?>
<testng-results skipped="0" failed="0" total="2" passed="2">
  <reporter-output>
  </reporter-output>
  <suite name="Sample Sel Maven Jenkins TS" duration-ms="13126" started-at="2020-06-28T15:12:28Z" finished-at="2020-06-28T15:12:41Z">
    <groups>
    </groups>
    <test name="Sample Selenium Maven Jenkins Test Suite - Thread 1" duration-ms="13126" started-at="2020-06-28T15:12:28Z" finished-at="2020-06-28T15:12:41Z">
      <class name="com.selenium.SampleSelenium.SampleSelGoogleTest1">
        <test-method status="PASS" signature="setup()[pri:0, instance:com.selenium.SampleSelenium.SampleSelGoogleTest1@7181ae3f]" name="setup" is-config="true" duration-ms="8311" started-at="2020-06-28T20:42:28Z" finished-at="2020-06-28T20:42:37Z">
          <reporter-output>
          </reporter-output>
        </test-method> <!-- setup -->
        <test-method status="PASS" signature="simpleTest()[pri:0, instance:com.selenium.SampleSelenium.SampleSelGoogleTest1@7181ae3f]" name="simpleTest" duration-ms="3097" started-at="2020-06-28T20:42:37Z" finished-at="2020-06-28T20:42:40Z">
          <reporter-output>
          </reporter-output>
        </test-method> <!-- simpleTest -->
        <test-method status="PASS" signature="afterTest()[pri:0, instance:com.selenium.SampleSelenium.SampleSelGoogleTest1@7181ae3f]" name="afterTest" is-config="true" duration-ms="1462" started-at="2020-06-28T20:42:40Z" finished-at="2020-06-28T20:42:41Z">
          <reporter-output>
          </reporter-output>
        </test-method> <!-- afterTest -->
      </class> <!-- com.selenium.SampleSelenium.SampleSelGoogleTest1 -->
    </test> <!-- Sample Selenium Maven Jenkins Test Suite - Thread 1 -->
    <test name="Sample Selenium Maven Jenkins Test Suite - Thread 2" duration-ms="13110" started-at="2020-06-28T15:12:28Z" finished-at="2020-06-28T15:12:41Z">
      <class name="com.selenium.SampleSelenium.SampleSelGoogleTest2">
        <test-method status="PASS" signature="setup()[pri:0, instance:com.selenium.SampleSelenium.SampleSelGoogleTest2@1176dcec]" name="setup" is-config="true" duration-ms="8311" started-at="2020-06-28T20:42:28Z" finished-at="2020-06-28T20:42:37Z">
          <reporter-output>
          </reporter-output>
        </test-method> <!-- setup -->
        <test-method status="PASS" signature="simpleTest()[pri:0, instance:com.selenium.SampleSelenium.SampleSelGoogleTest2@1176dcec]" name="simpleTest" duration-ms="3087" started-at="2020-06-28T20:42:37Z" finished-at="2020-06-28T20:42:40Z">
          <reporter-output>
          </reporter-output>
        </test-method> <!-- simpleTest -->
        <test-method status="PASS" signature="afterTest()[pri:0, instance:com.selenium.SampleSelenium.SampleSelGoogleTest2@1176dcec]" name="afterTest" is-config="true" duration-ms="1446" started-at="2020-06-28T20:42:40Z" finished-at="2020-06-28T20:42:41Z">
          <reporter-output>
          </reporter-output>
        </test-method> <!-- afterTest -->
      </class> <!-- com.selenium.SampleSelenium.SampleSelGoogleTest2 -->
    </test> <!-- Sample Selenium Maven Jenkins Test Suite - Thread 2 -->
  </suite> <!-- Sample Sel Maven Jenkins TS -->
</testng-results>
