<?xml version="1.0" encoding="UTF-8"?>
<testng-results skipped="0" failed="0" total="2" passed="2">
  <reporter-output>
  </reporter-output>
  <suite name="Sample Sel Maven Jenkins TS" duration-ms="14062" started-at="2020-07-11T18:06:01Z" finished-at="2020-07-11T18:06:16Z">
    <groups>
    </groups>
    <test name="Sample Selenium Maven Jenkins Test Suite - Thread 1" duration-ms="13830" started-at="2020-07-11T18:06:01Z" finished-at="2020-07-11T18:06:15Z">
      <class name="com.selenium.SampleSelenium.SampleSelGoogleTest1">
        <test-method status="PASS" signature="setup()[pri:0, instance:com.selenium.SampleSelenium.SampleSelGoogleTest1@7181ae3f]" name="setup" is-config="true" duration-ms="8944" started-at="2020-07-11T23:36:02Z" finished-at="2020-07-11T23:36:10Z">
          <reporter-output>
          </reporter-output>
        </test-method> <!-- setup -->
        <test-method status="PASS" signature="simpleTest()[pri:0, instance:com.selenium.SampleSelenium.SampleSelGoogleTest1@7181ae3f]" name="simpleTest" duration-ms="2975" started-at="2020-07-11T23:36:10Z" finished-at="2020-07-11T23:36:13Z">
          <reporter-output>
          </reporter-output>
        </test-method> <!-- simpleTest -->
        <test-method status="PASS" signature="afterTest()[pri:0, instance:com.selenium.SampleSelenium.SampleSelGoogleTest1@7181ae3f]" name="afterTest" is-config="true" duration-ms="1598" started-at="2020-07-11T23:36:14Z" finished-at="2020-07-11T23:36:15Z">
          <reporter-output>
          </reporter-output>
        </test-method> <!-- afterTest -->
      </class> <!-- com.selenium.SampleSelenium.SampleSelGoogleTest1 -->
    </test> <!-- Sample Selenium Maven Jenkins Test Suite - Thread 1 -->
    <test name="Sample Selenium Maven Jenkins Test Suite - Thread 2" duration-ms="14062" started-at="2020-07-11T18:06:01Z" finished-at="2020-07-11T18:06:16Z">
      <class name="com.selenium.SampleSelenium.SampleSelGoogleTest2">
        <test-method status="PASS" signature="setup()[pri:0, instance:com.selenium.SampleSelenium.SampleSelGoogleTest2@1176dcec]" name="setup" is-config="true" duration-ms="9029" started-at="2020-07-11T23:36:02Z" finished-at="2020-07-11T23:36:11Z">
          <reporter-output>
          </reporter-output>
        </test-method> <!-- setup -->
        <test-method status="PASS" signature="simpleTest()[pri:0, instance:com.selenium.SampleSelenium.SampleSelGoogleTest2@1176dcec]" name="simpleTest" duration-ms="2838" started-at="2020-07-11T23:36:11Z" finished-at="2020-07-11T23:36:13Z">
          <reporter-output>
          </reporter-output>
        </test-method> <!-- simpleTest -->
        <test-method status="PASS" signature="afterTest()[pri:0, instance:com.selenium.SampleSelenium.SampleSelGoogleTest2@1176dcec]" name="afterTest" is-config="true" duration-ms="1830" started-at="2020-07-11T23:36:14Z" finished-at="2020-07-11T23:36:16Z">
          <reporter-output>
          </reporter-output>
        </test-method> <!-- afterTest -->
      </class> <!-- com.selenium.SampleSelenium.SampleSelGoogleTest2 -->
    </test> <!-- Sample Selenium Maven Jenkins Test Suite - Thread 2 -->
  </suite> <!-- Sample Sel Maven Jenkins TS -->
</testng-results>
